<?xml version="1.0" encoding="UTF-8"?>
<testng-results skipped="0" failed="0" ignored="0" total="1" passed="1">
  <reporter-output>
  </reporter-output>
  <suite name="Default suite" duration-ms="8186" started-at="2021-07-08T03:59:15Z" finished-at="2021-07-08T03:59:23Z">
    <groups>
    </groups>
    <test name="Default test" duration-ms="8186" started-at="2021-07-08T03:59:15Z" finished-at="2021-07-08T03:59:23Z">
      <class name="testCases.LoginPageTest">
        <test-method status="PASS" signature="setUp()[pri:0, instance:testCases.LoginPageTest@56a6d5a6]" name="setUp" is-config="true" duration-ms="2201" started-at="2021-07-08T03:59:15Z" finished-at="2021-07-08T03:59:17Z">
          <reporter-output>
          </reporter-output>
        </test-method> <!-- setUp -->
        <test-method status="PASS" signature="loginTest()[pri:1, instance:testCases.LoginPageTest@56a6d5a6]" name="loginTest" duration-ms="5971" started-at="2021-07-08T03:59:17Z" finished-at="2021-07-08T03:59:23Z">
          <reporter-output>
          </reporter-output>
        </test-method> <!-- loginTest -->
      </class> <!-- testCases.LoginPageTest -->
    </test> <!-- Default test -->
  </suite> <!-- Default suite -->
</testng-results>
